0 info it worked if it ends with ok
1 verbose cli [ 'node', '/usr/local/bin/npm', 'install', '-g', 'ios-deploy' ]
2 info using npm@1.4.3
3 info using node@v0.10.26
4 verbose cache add [ 'ios-deploy', null ]
5 verbose cache add name=undefined spec="ios-deploy" args=["ios-deploy",null]
6 verbose parsed url { protocol: null,
6 verbose parsed url   slashes: null,
6 verbose parsed url   auth: null,
6 verbose parsed url   host: null,
6 verbose parsed url   port: null,
6 verbose parsed url   hostname: null,
6 verbose parsed url   hash: null,
6 verbose parsed url   search: null,
6 verbose parsed url   query: null,
6 verbose parsed url   pathname: 'ios-deploy',
6 verbose parsed url   path: 'ios-deploy',
6 verbose parsed url   href: 'ios-deploy' }
7 silly lockFile 69149c11-ios-deploy ios-deploy
8 verbose lock ios-deploy /Users/naderhen/.npm/69149c11-ios-deploy.lock
9 silly lockFile 69149c11-ios-deploy ios-deploy
10 silly lockFile 69149c11-ios-deploy ios-deploy
11 verbose addNamed [ 'ios-deploy', '' ]
12 verbose addNamed [ null, '*' ]
13 silly lockFile 9c508a6b-ios-deploy ios-deploy@
14 verbose lock ios-deploy@ /Users/naderhen/.npm/9c508a6b-ios-deploy.lock
15 silly addNameRange { name: 'ios-deploy', range: '*', hasData: false }
16 verbose registry.get ios-deploy not expired, no request
17 silly addNameRange number 2 { name: 'ios-deploy', range: '*', hasData: true }
18 silly addNameRange versions [ 'ios-deploy',
18 silly addNameRange   [ '1.0.1',
18 silly addNameRange     '1.0.2',
18 silly addNameRange     '1.0.3',
18 silly addNameRange     '1.0.4',
18 silly addNameRange     '1.0.5',
18 silly addNameRange     '1.0.6',
18 silly addNameRange     '1.0.7',
18 silly addNameRange     '1.0.8' ] ]
19 verbose addNamed [ 'ios-deploy', '1.0.8' ]
20 verbose addNamed [ '1.0.8', '1.0.8' ]
21 silly lockFile 211a3cb3-ios-deploy-1-0-8 ios-deploy@1.0.8
22 verbose lock ios-deploy@1.0.8 /Users/naderhen/.npm/211a3cb3-ios-deploy-1-0-8.lock
23 silly lockFile 211a3cb3-ios-deploy-1-0-8 ios-deploy@1.0.8
24 silly lockFile 211a3cb3-ios-deploy-1-0-8 ios-deploy@1.0.8
25 silly lockFile 9c508a6b-ios-deploy ios-deploy@
26 silly lockFile 9c508a6b-ios-deploy ios-deploy@
27 silly resolved [ { name: 'ios-deploy',
27 silly resolved     version: '1.0.8',
27 silly resolved     description: 'launch iOS apps iOS devices from the command line (Xcode 5)',
27 silly resolved     main: 'ios-deploy',
27 silly resolved     scripts: { preinstall: 'make ios-deploy' },
27 silly resolved     bin: { 'ios-deploy': './ios-deploy' },
27 silly resolved     repository: { type: 'git', url: 'https://github.com/phonegap/ios-deploy' },
27 silly resolved     keywords: [ 'ios-deploy', 'deploy to iOS device' ],
27 silly resolved     author: { name: 'Greg Hughes' },
27 silly resolved     license: 'GPLv3',
27 silly resolved     readme: 'ios-deploy\n==========\nInstall and debug iPhone apps without using Xcode. Designed to work on unjailbroken devices.\n\n## Requirements\n\n* Mac OS X. Tested on Snow Leopard only.\n* You need to have a valid iPhone development certificate installed.\n* Xcode must be installed, along with the SDK for your iOS version.\n\n## Usage\n\n    ./ios-deploy [OPTION]...\n      -d, --debug                  launch the app in GDB after installation\n      -i, --id <device_id>         the id of the device to connect to\n      -c, --detect                 only detect if the device is connected\n      -b, --bundle <bundle.app>    the path to the app bundle to be installed\n      -a, --args <args>            command line arguments to pass to the app when launching it\n      -t, --timeout <timeout>      number of seconds to wait for a device to be connected\n      -u, --unbuffered             don\'t buffer stdout\n      -g, --gdbargs <args>         extra arguments to pass to GDB when starting the debugger\n      -x, --gdbexec <file>         GDB commands script file\n      -n, --nostart                do not start the app when debugging\n      -I, --noninteractive         start in non interactive mode (quit when app crashes or exits)\n      -v, --verbose                enable verbose output\n      -m, --noinstall              directly start debugging without app install (-d not required) \n      -p, --port <number>          port used for device, default: 12345\n      -r, --uninstall              uninstall the app before install (do not use with -m; app cache and data are cleared)       \n      -V, --version                print the executable version\n\n## Demo\n\n* The included demo.app represents the minimum required to get code running on iOS.\n* `make install` will install demo.app to the device.\n* `make debug` will install demo.app and launch a GDB session.\n\n## Notes\n\n* With some modifications, it may be possible to use this without Xcode installed; however, you would need a copy of the relevant DeveloperDiskImage.dmg (included with Xcode). GDB would also run slower as symbols would be downloaded from the device on-the-fly.\n\n\n## Listing Device Ids\n\nDevice Ids are the UDIDs of the iOS devices. From the command line, you can list device ids [this way](http://javierhz.blogspot.com/2012/06/how-to-get-udid-of-iphone-using-shell.html):\n\n        system_profiler SPUSBDataType | sed -n -e \'/iPad/,/Serial/p\' -e \'/iPhone/,/Serial/p\' | grep "Serial Number:" | awk -F ": " \'{print $2}\'\n',
27 silly resolved     readmeFilename: 'README.md',
27 silly resolved     bugs: { url: 'https://github.com/phonegap/ios-deploy/issues' },
27 silly resolved     homepage: 'https://github.com/phonegap/ios-deploy',
27 silly resolved     _id: 'ios-deploy@1.0.8',
27 silly resolved     _from: 'ios-deploy@' } ]
28 info install ios-deploy@1.0.8 into /usr/local/lib
29 info installOne ios-deploy@1.0.8
30 info /usr/local/lib/node_modules/ios-deploy unbuild
31 verbose tar unpack /Users/naderhen/.npm/ios-deploy/1.0.8/package.tgz
32 silly lockFile d4189100-ocal-lib-node-modules-ios-deploy tar:///usr/local/lib/node_modules/ios-deploy
33 verbose lock tar:///usr/local/lib/node_modules/ios-deploy /Users/naderhen/.npm/d4189100-ocal-lib-node-modules-ios-deploy.lock
34 silly lockFile 5ebf357c-npm-ios-deploy-1-0-8-package-tgz tar:///Users/naderhen/.npm/ios-deploy/1.0.8/package.tgz
35 verbose lock tar:///Users/naderhen/.npm/ios-deploy/1.0.8/package.tgz /Users/naderhen/.npm/5ebf357c-npm-ios-deploy-1-0-8-package-tgz.lock
36 silly gunzTarPerm modes [ '755', '644' ]
37 silly gunzTarPerm extractEntry package.json
38 silly gunzTarPerm extractEntry .npmignore
39 silly gunzTarPerm extractEntry README.md
40 silly gunzTarPerm extractEntry LICENSE
41 silly gunzTarPerm extractEntry Entitlements.plist
42 silly gunzTarPerm extractEntry Info.plist
43 silly gunzTarPerm extractEntry Makefile
44 silly gunzTarPerm extractEntry CONTRIBUTING.md
45 silly gunzTarPerm extractEntry ResourceRules.plist
46 silly gunzTarPerm extractEntry demo.c
47 silly gunzTarPerm extractEntry ios-deploy.c
48 silly gunzTarPerm extractEntry MobileDevice.h
49 silly lockFile d4189100-ocal-lib-node-modules-ios-deploy tar:///usr/local/lib/node_modules/ios-deploy
50 silly lockFile d4189100-ocal-lib-node-modules-ios-deploy tar:///usr/local/lib/node_modules/ios-deploy
51 silly lockFile 5ebf357c-npm-ios-deploy-1-0-8-package-tgz tar:///Users/naderhen/.npm/ios-deploy/1.0.8/package.tgz
52 silly lockFile 5ebf357c-npm-ios-deploy-1-0-8-package-tgz tar:///Users/naderhen/.npm/ios-deploy/1.0.8/package.tgz
53 info preinstall ios-deploy@1.0.8
54 verbose unsafe-perm in lifecycle false
55 verbose readDependencies using package.json deps
56 verbose readDependencies using package.json deps
57 silly resolved []
58 verbose about to build /usr/local/lib/node_modules/ios-deploy
59 info build /usr/local/lib/node_modules/ios-deploy
60 verbose linkStuff [ true,
60 verbose linkStuff   '/usr/local/lib/node_modules',
60 verbose linkStuff   true,
60 verbose linkStuff   '/usr/local/lib/node_modules' ]
61 info linkStuff ios-deploy@1.0.8
62 verbose linkBins ios-deploy@1.0.8
63 verbose link bins [ { 'ios-deploy': './ios-deploy' }, '/usr/local/bin', true ]
64 verbose linkMans ios-deploy@1.0.8
65 verbose rebuildBundles ios-deploy@1.0.8
66 info install ios-deploy@1.0.8
67 info postinstall ios-deploy@1.0.8
68 error peerinvalid The package flatiron does not satisfy its siblings' peerDependencies requirements!
68 error peerinvalid Peer flatiron-cli-config@0.1.3 wants flatiron@~0.1.9
68 error peerinvalid Peer flatiron-cli-users@0.1.1 wants flatiron@~0.1.9
69 error System Darwin 13.2.0
70 error command "node" "/usr/local/bin/npm" "install" "-g" "ios-deploy"
71 error cwd /Users/naderhen/dev/getstrong
72 error node -v v0.10.26
73 error npm -v 1.4.3
74 error code EPEERINVALID
75 verbose exit [ 1, true ]
